Attention: Next.js now collects completely anonymous telemetry regarding usage.
This information is used to shape Next.js' roadmap and prioritize features.
You can learn more, including how to opt-out if you'd not like to participate in this anonymous program, by visiting the following URL:
https://nextjs.org/telemetry

  ▲ Next.js 14.2.28
  - Environments: .env
  - Experiments (use with caution):
    · outputFileTracingRoot

   Creating an optimized production build ...
 ✓ Compiled successfully
   Skipping linting
   Checking validity of types ...

   We detected TypeScript in your project and reconfigured your tsconfig.json file for you. Strict-mode is set to false by default.
   The following suggested values were added to your tsconfig.json. These values can be changed to fit your project's needs:

   	- include was updated to add '.build/types/**/*.ts'

   Collecting page data ...
   Generating static pages (0/7) ...
   Generating static pages (1/7) 
   Generating static pages (3/7) 
   Generating static pages (5/7) 
 ✓ Generating static pages (7/7)
   Finalizing page optimization ...
   Collecting build traces ...

Route (app)                              Size     First Load JS
┌ ƒ /                                    4.22 kB         141 kB
├ ○ /_not-found                          872 B          88.1 kB
├ ƒ /api/achievements                    0 B                0 B
├ ƒ /api/ai/chat                         0 B                0 B
├ ƒ /api/ai/drill-recommendation         0 B                0 B
├ ƒ /api/ai/motivational-quote           0 B                0 B
├ ƒ /api/auth/[...nextauth]              0 B                0 B
├ ƒ /api/auth/signup                     0 B                0 B
├ ƒ /api/challenges                      0 B                0 B
├ ƒ /api/dashboard/stats                 0 B                0 B
├ ƒ /api/drills                          0 B                0 B
├ ƒ /api/drills/complete                 0 B                0 B
├ ƒ /api/notifications/[id]/mark-read    0 B                0 B
├ ƒ /api/parent/dashboard                0 B                0 B
├ ƒ /api/schedule                        0 B                0 B
├ ƒ /api/schedule/[id]                   0 B                0 B
├ ƒ /api/workouts                        0 B                0 B
├ ○ /auth/signin                         2.93 kB         117 kB
├ ○ /auth/signup                         4.04 kB         132 kB
└ ƒ /dashboard                           54.2 kB         217 kB
+ First Load JS shared by all            87.2 kB
  ├ chunks/156-a773f61e8a175a41.js       31.7 kB
  ├ chunks/ceb5afef-b316fc9d3b8e64e5.js  53.6 kB
  └ other shared chunks (total)          1.96 kB


○  (Static)   prerendered as static content
ƒ  (Dynamic)  server-rendered on demand

exit_code=0
