  ▲ Next.js 14.2.28
  - Local:        http://localhost:3000
  - Environments: .env
  - Experiments (use with caution):
    · outputFileTracingRoot

 ✓ Starting...
 ✓ Ready in 2.1s
 ○ Compiling / ...
 ✓ Compiled / in 3s (1490 modules)
 GET / 200 in 3714ms
 ✓ Compiled in 671ms (635 modules)
 GET / 200 in 63ms
 ○ Compiling /api/auth/[...nextauth] ...
 ✓ Compiled /api/auth/[...nextauth] in 1722ms (1851 modules)
 GET /api/auth/session 200 in 2170ms
 GET /dashboard?_rsc=3y0gy 200 in 130ms
 GET /api/auth/session 200 in 36ms
 ○ Compiling /api/ai/motivational-quote ...
 ✓ Compiled /api/ai/motivational-quote in 564ms (1076 modules)
 ✓ Compiled (1078 modules)
 GET /api/ai/motivational-quote 401 in 926ms
 GET /api/dashboard/stats 200 in 941ms
 GET /api/ai/motivational-quote 401 in 27ms
 GET /api/dashboard/stats 200 in 24ms
 GET / 200 in 92ms
 GET / 200 in 28ms
 GET / 200 in 34ms
 GET /api/auth/session 200 in 68ms
 GET /dashboard?_rsc=3y0gy 200 in 33ms
 GET /api/auth/session 200 in 20ms
 GET /api/dashboard/stats 200 in 24ms
 GET /api/dashboard/stats 200 in 23ms
 GET /api/ai/motivational-quote 401 in 17ms
 GET /api/ai/motivational-quote 401 in 17ms
 GET / 200 in 525ms
 GET / 200 in 31ms
 GET / 200 in 22ms
 GET / 200 in 24ms
 GET / 200 in 24ms
 GET / 200 in 25ms
 GET /api/auth/session 200 in 30ms
 GET / 200 in 28ms
 ✓ Compiled /api/drills in 279ms (894 modules)
 GET /api/drills 200 in 354ms
 GET /api/drills 200 in 16ms
 GET / 200 in 94ms
 ✓ Compiled /api/schedule in 153ms (896 modules)
 POST /api/schedule 201 in 203ms
 POST /api/schedule 201 in 21ms
 POST /api/schedule 201 in 19ms
 GET /api/drills 200 in 20ms
 GET /api/schedule?start=2025-07-01T04:00:00.000Z&end=2025-07-31T04:00:00.000Z 200 in 26ms
 GET /api/schedule?start=2025-07-01T04:00:00.000Z&end=2025-07-31T04:00:00.000Z 200 in 21ms
 GET /api/drills 200 in 17ms
 GET / 200 in 35ms
 GET /api/drills 200 in 16ms
 GET /api/drills 200 in 16ms
 GET /api/drills 200 in 33ms
 GET /api/drills 200 in 36ms
 ✓ Compiled /api/workouts in 197ms (894 modules)
 GET /api/workouts 401 in 263ms
 GET /api/workouts 401 in 18ms
 GET / 200 in 37ms
 POST /api/workouts 401 in 19ms
 POST /api/workouts 401 in 16ms
 POST /api/workouts 401 in 15ms
 GET / 200 in 27ms
 GET / 200 in 36ms
 GET / 200 in 29ms
 GET / 200 in 29ms
[?25h
