  ▲ Next.js 14.2.28
  - Local:        http://localhost:3000
  - Environments: .env
  - Experiments (use with caution):
    · outputFileTracingRoot

 ✓ Starting...
 ✓ Ready in 1780ms
 ○ Compiling / ...
 ✓ Compiled / in 2.8s (1490 modules)
 GET / 200 in 3276ms
 ✓ Compiled in 571ms (635 modules)
 GET / 200 in 43ms
 ○ Compiling /api/auth/[...nextauth] ...
 ✓ Compiled /api/auth/[...nextauth] in 1458ms (1851 modules)
 GET /api/auth/session 200 in 1912ms
 GET /dashboard?_rsc=3y0gy 200 in 150ms
 GET /api/auth/session 200 in 30ms
 ✓ Compiled /api/ai/motivational-quote in 249ms (1076 modules)
 ✓ Compiled (1078 modules)
 GET /api/ai/motivational-quote 401 in 515ms
 GET /api/dashboard/stats 200 in 548ms
 GET /api/ai/motivational-quote 401 in 21ms
 GET /api/dashboard/stats 200 in 25ms
 GET / 200 in 77ms
 GET / 200 in 31ms
 GET /dashboard?_rsc=3y0gy 200 in 28ms
 GET /api/auth/session 200 in 38ms
 GET /api/auth/session 200 in 20ms
 GET /api/dashboard/stats 200 in 24ms
 GET /api/dashboard/stats 200 in 24ms
 GET /api/ai/motivational-quote 401 in 19ms
 GET /api/ai/motivational-quote 401 in 17ms
 GET / 200 in 40ms
 GET / 200 in 33ms
 GET / 200 in 26ms
 GET / 200 in 29ms
 GET / 200 in 27ms
 GET / 200 in 27ms
 GET / 200 in 28ms
 GET / 200 in 26ms
 GET / 200 in 26ms
 GET / 200 in 27ms
 GET / 200 in 28ms
 GET / 200 in 29ms
 GET / 200 in 33ms
 GET / 200 in 28ms
 GET / 200 in 27ms
 GET / 200 in 25ms
 GET / 200 in 28ms
 GET / 200 in 24ms
 GET / 200 in 30ms
 GET / 200 in 27ms
 GET / 200 in 26ms
 GET / 200 in 26ms
 GET / 200 in 26ms
 GET / 200 in 25ms
 GET / 200 in 29ms
 GET / 200 in 27ms
 GET / 200 in 27ms
 GET / 200 in 28ms
 GET /api/auth/session 200 in 30ms
 ✓ Compiled /api/drills in 286ms (894 modules)
 GET /api/drills 200 in 355ms
 GET /api/drills 200 in 19ms
 GET / 200 in 101ms
 ✓ Compiled /api/schedule in 141ms (896 modules)
 POST /api/schedule 201 in 189ms
 POST /api/schedule 201 in 26ms
 POST /api/schedule 201 in 22ms
 POST /api/schedule 201 in 24ms
 GET / 200 in 36ms
 ✓ Compiled /dashboard in 204ms (1078 modules)
 GET /api/auth/session 200 in 454ms
 GET /api/auth/session 200 in 23ms
 GET /dashboard?_rsc=3y0gy 200 in 28ms
 ✓ Compiled /api/ai/motivational-quote in 240ms (1080 modules)
 ✓ Compiled (1082 modules)
 GET /api/ai/motivational-quote 401 in 466ms
 GET /api/dashboard/stats 200 in 478ms
 GET /api/dashboard/stats 200 in 25ms
 GET /api/ai/motivational-quote 401 in 20ms
 GET /api/drills 200 in 20ms
 GET /api/drills 200 in 18ms
 GET / 200 in 44ms
 POST /api/schedule 201 in 24ms
 POST /api/schedule 201 in 25ms
 GET / 200 in 33ms
