  ▲ Next.js 14.2.28
  - Local:        http://localhost:3000
  - Environments: .env
  - Experiments (use with caution):
    · outputFileTracingRoot

 ✓ Starting...
 ✓ Ready in 1531ms
 ○ Compiling /api/auth/[...nextauth] ...
 ✓ Compiled /api/auth/[...nextauth] in 647ms (271 modules)
 GET /api/auth/csrf 200 in 1134ms
 POST /api/auth/callback/credentials 302 in 207ms
 ○ Compiling / ...
 ✓ Compiled / in 2.3s (1502 modules)
 GET / 200 in 2809ms
 ✓ Compiled in 484ms (635 modules)
 ○ Compiling /dashboard ...
 ✓ Compiled /dashboard in 2.2s (1754 modules)
 GET /api/auth/session 200 in 2243ms
 GET /api/auth/session 200 in 26ms
 GET /dashboard?_rsc=3y0gy 200 in 41ms
 ✓ Compiled in 442ms (1766 modules)
 ✓ Compiled in 459ms (765 modules)
 ✓ Compiled in 292ms (765 modules)
 ✓ Compiled in 370ms (765 modules)
 ✓ Compiled in 273ms (765 modules)
 ✓ Compiled in 416ms (765 modules)
 ✓ Compiled in 359ms (765 modules)
 ✓ Compiled in 418ms (765 modules)
 ✓ Compiled in 317ms (765 modules)
 ✓ Compiled in 344ms (765 modules)
 ✓ Compiled in 298ms (765 modules)
 ✓ Compiled in 384ms (765 modules)
[?25h
