  ▲ Next.js 14.2.28
  - Local:        http://localhost:3000
  - Environments: .env
  - Experiments (use with caution):
    · outputFileTracingRoot

 ✓ Starting...
 ✓ Ready in 1546ms
 ○ Compiling /api/auth/[...nextauth] ...
 ✓ Compiled /api/auth/[...nextauth] in 550ms (272 modules)
 GET /api/auth/csrf 200 in 1028ms
 POST /api/auth/callback/credentials 302 in 219ms
 ○ Compiling / ...
 ✓ Compiled / in 2.2s (1503 modules)
 GET / 200 in 2659ms
 ✓ Compiled in 472ms (635 modules)
 GET /api/auth/session 200 in 52ms
 ○ Compiling /dashboard ...
 ✓ Compiled /dashboard in 1486ms (1851 modules)
 GET /api/auth/session 200 in 1417ms
 GET /dashboard?_rsc=3y0gy 200 in 30ms
 ✓ Compiled /api/parent/dashboard in 219ms (1076 modules)
 GET /api/parent/dashboard 200 in 325ms
 GET /api/parent/dashboard 200 in 62ms
[?25h
