➤ YN0000: · Yarn 4.9.2
➤ YN0000: ┌ Resolution step
➤ YN0085: │ + @hello-pangea/dnd@npm:18.0.1, @types/uuid@npm:10.0.0, sharp@npm:0.34.3, uuid@npm:11.1.0, @img/sharp-darwin-arm64@npm:0.34.3, and 31 more.
➤ YN0000: └ Completed in 0s 765ms
➤ YN0000: ┌ Post-resolution validation
➤ YN0060: │ @types/react is listed by your project with version 18.2.22 (p6349e), which doesn't satisfy what react-redux (via @hello-pangea/dnd) and other dependencies request (^18.2.25).
➤ YN0060: │ @typescript-eslint/parser is listed by your project with version 7.0.0 (p6cb6c), which doesn't satisfy what @typescript-eslint/eslint-plugin requests (^6.0.0-alpha).
➤ YN0060: │ eslint is listed by your project with version 9.24.0 (pe6e00), which doesn't satisfy what @typescript-eslint/eslint-plugin and other dependencies request (^8.57.0).
➤ YN0002: │ app@workspace:. doesn't provide prettier (pd88b5), requested by eslint-plugin-prettier.
➤ YN0086: │ Some peer dependencies are incorrectly met by your project; run yarn explain peer-requirements <hash> for details, where <hash> is the six-letter p-prefixed code.
➤ YN0086: │ Some peer dependencies are incorrectly met by dependencies; run yarn explain peer-requirements for details.
➤ YN0000: └ Completed
➤ YN0000: ┌ Fetch step
➤ YN0000: └ Completed in 3s 80ms
➤ YN0000: ┌ Link step
➤ YN0000: └ Completed in 0s 812ms
➤ YN0000: · Done with warnings in 4s 823ms
Environment variables loaded from .env
Prisma schema loaded from prisma/schema.prisma

✔ Generated Prisma Client (v6.7.0) to ./node_modules/.prisma/client in 180ms

Start by importing your Prisma Client (See: https://pris.ly/d/importing-client)

Tip: Interested in query caching in just a few lines of code? Try Accelerate today! https://pris.ly/tip-3-accelerate

Starting server...
  ▲ Next.js 14.2.28
  - Local:        http://localhost:3000
  - Environments: .env
  - Experiments (use with caution):
    · outputFileTracingRoot

 ✓ Starting...
 ✓ Ready in 1762ms
 ○ Compiling / ...
 ✓ Compiled / in 2.6s (1490 modules)
 GET / 200 in 3061ms
 ✓ Compiled in 526ms (635 modules)
 GET / 200 in 41ms
 GET / 200 in 27ms
 GET / 200 in 30ms
 GET / 200 in 29ms
 GET / 200 in 35ms
 GET / 200 in 28ms
 ○ Compiling /api/auth/[...nextauth] ...
 ✓ Compiled /api/auth/[...nextauth] in 1600ms (1851 modules)
 GET /dashboard?_rsc=3y0gy 200 in 128ms
 GET /api/auth/session 200 in 2128ms
 GET /api/auth/session 200 in 30ms
 ✓ Compiled /api/dashboard/stats in 209ms (1076 modules)
 ✓ Compiled (1078 modules)
 GET /api/ai/motivational-quote 401 in 488ms
 GET /api/dashboard/stats 200 in 505ms
 GET /api/ai/motivational-quote 401 in 20ms
 GET /api/dashboard/stats 200 in 27ms
 GET / 200 in 81ms
 GET / 200 in 29ms
 GET / 200 in 31ms
 GET /api/auth/session 200 in 40ms
 GET /api/auth/session 200 in 18ms
 GET /dashboard?_rsc=3y0gy 200 in 39ms
 GET /api/dashboard/stats 200 in 27ms
 GET /api/ai/motivational-quote 401 in 21ms
 GET /api/ai/motivational-quote 401 in 21ms
 GET /api/dashboard/stats 200 in 24ms
 GET / 200 in 28ms
 GET / 200 in 28ms
 GET / 200 in 29ms
 GET /api/auth/session 200 in 29ms
 GET / 200 in 28ms
 GET /api/auth/session 200 in 26ms
 GET / 200 in 28ms
