  ▲ Next.js 14.2.28
  - Local:        http://localhost:3000
  - Environments: .env
  - Experiments (use with caution):
    · outputFileTracingRoot

 ✓ Starting...
 ✓ Ready in 1638ms
 ○ Compiling /api/auth/[...nextauth] ...
 ✓ Compiled /api/auth/[...nextauth] in 578ms (272 modules)
 GET /api/auth/csrf 200 in 1093ms
 POST /api/auth/callback/credentials 302 in 227ms
 ○ Compiling / ...
 ✓ Compiled / in 2.3s (1503 modules)
 GET / 200 in 2844ms
 ✓ Compiled in 520ms (635 modules)
 GET /api/auth/session 200 in 62ms
 ○ Compiling /dashboard ...
 ✓ Compiled /dashboard in 1587ms (1851 modules)
 GET /api/auth/session 200 in 1611ms
 GET /dashboard?_rsc=3y0gy 200 in 33ms
 ✓ Compiled /api/parent/dashboard in 245ms (1076 modules)
 GET /api/parent/dashboard 401 in 366ms
 GET /api/parent/dashboard 401 in 80ms
 ✓ Compiled in 704ms (1889 modules)
 ✓ Compiled in 482ms (1889 modules)
[?25h
