  ▲ Next.js 14.2.28
  - Local:        http://localhost:3000
  - Environments: .env
  - Experiments (use with caution):
    · outputFileTracingRoot

 ✓ Starting...
 ✓ Ready in 1564ms
 ○ Compiling /api/auth/[...nextauth] ...
 ✓ Compiled /api/auth/[...nextauth] in 695ms (272 modules)
 GET /api/auth/csrf 200 in 1212ms
 POST /api/auth/callback/credentials 302 in 212ms
 ○ Compiling / ...
 ✓ Compiled / in 2.3s (1503 modules)
 GET / 200 in 2762ms
 ✓ Compiled in 491ms (635 modules)
 GET /api/auth/session 200 in 46ms
 ○ Compiling /dashboard ...
 ✓ Compiled /dashboard in 2.9s (1851 modules)
 GET /api/auth/session 200 in 2905ms
 GET /dashboard?_rsc=3y0gy 200 in 33ms
 ✓ Compiled /api/parent/dashboard in 288ms (1076 modules)
 GET /api/parent/dashboard 401 in 385ms
 GET /api/parent/dashboard 401 in 23ms
 GET / 200 in 96ms
 GET /api/auth/session 200 in 44ms
 GET /api/auth/session 200 in 23ms
 ○ Compiling /auth/signin ...
 ✓ Compiled /auth/signin in 651ms (1906 modules)
 GET /auth/signin 200 in 793ms
 GET /api/auth/session 200 in 47ms
 GET /api/auth/session 200 in 16ms
 GET /dashboard 200 in 49ms
 GET /api/auth/session 200 in 38ms
 GET /api/auth/session 200 in 32ms
 POST /api/auth/signin 302 in 27ms
 GET /api/auth/session 200 in 25ms
[?25h
