.build/types/app/api/auth/[...nextauth]/route.ts(8,13): error TS2344: Type 'OmitWithTag<typeof import("/home/ubuntu/hoopsquest/app/app/api/auth/[...nextauth]/route"), "POST" | "dynamic" | "GET" | "HEAD" | "OPTIONS" | "PUT" | "DELETE" | "PATCH" | "config" | "generateStaticParams" | ... 5 more ... | "maxDuration", "">' does not satisfy the constraint '{ [x: string]: never; }'.
  Property 'authOptions' is incompatible with index signature.
    Type '{ adapter: Adapter; providers: CredentialsConfig<{ email: { label: string; type: string; }; password: { label: string; type: string; }; }>[]; session: { strategy: string; }; callbacks: { ...; }; pages: { ...; }; }' is not assignable to type 'never'.
.next/types/app/api/auth/[...nextauth]/route.ts(8,13): error TS2344: Type 'OmitWithTag<typeof import("/home/ubuntu/hoopsquest/app/app/api/auth/[...nextauth]/route"), "POST" | "dynamic" | "GET" | "HEAD" | "OPTIONS" | "PUT" | "DELETE" | "PATCH" | "config" | "generateStaticParams" | ... 5 more ... | "maxDuration", "">' does not satisfy the constraint '{ [x: string]: never; }'.
  Property 'authOptions' is incompatible with index signature.
    Type '{ adapter: Adapter; providers: CredentialsConfig<{ email: { label: string; type: string; }; password: { label: string; type: string; }; }>[]; session: { strategy: string; }; callbacks: { ...; }; pages: { ...; }; }' is not assignable to type 'never'.
app/api/ai/drill-recommendation/route.ts(10,42): error TS2345: Argument of type '[{ adapter: Adapter; providers: CredentialsConfig<{ email: { label: string; type: string; }; password: { label: string; type: string; }; }>[]; session: { strategy: string; }; callbacks: { ...; }; pages: { ...; }; }]' is not assignable to parameter of type 'GetServerSessionParams<GetServerSessionOptions>'.
  Type '[{ adapter: Adapter; providers: CredentialsConfig<{ email: { label: string; type: string; }; password: { label: string; type: string; }; }>[]; session: { strategy: string; }; callbacks: { ...; }; pages: { ...; }; }]' is not assignable to type '[GetServerSessionOptions]'.
    Type '{ adapter: Adapter; providers: CredentialsConfig<{ email: { label: string; type: string; }; password: { label: string; type: string; }; }>[]; session: { strategy: string; }; callbacks: { ...; }; pages: { ...; }; }' is not assignable to type 'GetServerSessionOptions'.
      Type '{ adapter: Adapter; providers: CredentialsConfig<{ email: { label: string; type: string; }; password: { label: string; type: string; }; }>[]; session: { strategy: string; }; callbacks: { ...; }; pages: { ...; }; }' is not assignable to type 'Partial<Omit<AuthOptions, "callbacks">>'.
        The types of 'session.strategy' are incompatible between these types.
          Type 'string' is not assignable to type 'SessionStrategy | undefined'.
app/api/auth/[...nextauth]/route.ts(65,17): error TS7031: Binding element 'token' implicitly has an 'any' type.
app/api/auth/[...nextauth]/route.ts(65,24): error TS7031: Binding element 'user' implicitly has an 'any' type.
app/api/auth/[...nextauth]/route.ts(76,21): error TS7031: Binding element 'session' implicitly has an 'any' type.
app/api/auth/[...nextauth]/route.ts(76,30): error TS7031: Binding element 'token' implicitly has an 'any' type.
app/api/auth/[...nextauth]/route.ts(93,26): error TS2345: Argument of type '{ adapter: Adapter; providers: CredentialsConfig<{ email: { label: string; type: string; }; password: { label: string; type: string; }; }>[]; session: { strategy: string; }; callbacks: { ...; }; pages: { ...; }; }' is not assignable to parameter of type 'AuthOptions'.
  The types of 'session.strategy' are incompatible between these types.
    Type 'string' is not assignable to type 'SessionStrategy | undefined'.
app/api/dashboard/stats/route.ts(11,44): error TS2345: Argument of type '[{ adapter: Adapter; providers: CredentialsConfig<{ email: { label: string; type: string; }; password: { label: string; type: string; }; }>[]; session: { strategy: string; }; callbacks: { ...; }; pages: { ...; }; }]' is not assignable to parameter of type 'GetServerSessionParams<GetServerSessionOptions>'.
app/api/schedule/route.ts(11,44): error TS2345: Argument of type '[{ adapter: Adapter; providers: CredentialsConfig<{ email: { label: string; type: string; }; password: { label: string; type: string; }; }>[]; session: { strategy: string; }; callbacks: { ...; }; pages: { ...; }; }]' is not assignable to parameter of type 'GetServerSessionParams<GetServerSessionOptions>'.
app/api/schedule/route.ts(54,44): error TS2345: Argument of type '[{ adapter: Adapter; providers: CredentialsConfig<{ email: { label: string; type: string; }; password: { label: string; type: string; }; }>[]; session: { strategy: string; }; callbacks: { ...; }; pages: { ...; }; }]' is not assignable to parameter of type 'GetServerSessionParams<GetServerSessionOptions>'.
app/dashboard/page.tsx(12,42): error TS2345: Argument of type '[{ adapter: Adapter; providers: CredentialsConfig<{ email: { label: string; type: string; }; password: { label: string; type: string; }; }>[]; session: { strategy: string; }; callbacks: { ...; }; pages: { ...; }; }]' is not assignable to parameter of type 'GetServerSessionParams<GetServerSessionOptions>'.
exit_code=2
