  ▲ Next.js 14.2.28
  - Local:        http://localhost:3000
  - Environments: .env
  - Experiments (use with caution):
    · outputFileTracingRoot

 ✓ Starting...
 ✓ Ready in 1590ms
 ○ Compiling / ...
 ✓ Compiled / in 2.8s (1490 modules)
 GET / 200 in 3398ms
 ✓ Compiled in 581ms (635 modules)
 GET / 200 in 44ms
 ✓ Compiled /dashboard in 337ms (868 modules)
 ✓ Compiled in 1073ms (801 modules)
 GET /api/auth/session 200 in 2055ms
 GET /dashboard?_rsc=3y0gy 200 in 137ms
 GET /api/auth/session 200 in 31ms
 ✓ Compiled /api/ai/motivational-quote in 229ms (1076 modules)
 ✓ Compiled (1078 modules)
 GET /api/ai/motivational-quote 401 in 513ms
 GET /api/dashboard/stats 200 in 539ms
 GET /api/dashboard/stats 200 in 24ms
 GET /api/ai/motivational-quote 401 in 19ms
 GET / 200 in 78ms
 GET / 200 in 29ms
 GET / 200 in 29ms
 GET /api/auth/session 200 in 29ms
 GET /dashboard?_rsc=3y0gy 200 in 30ms
 GET /api/auth/session 200 in 29ms
 GET /api/ai/motivational-quote 401 in 17ms
 GET /api/ai/motivational-quote 401 in 16ms
 GET /api/dashboard/stats 200 in 21ms
 GET /api/dashboard/stats 200 in 20ms
 GET / 200 in 23ms
 GET / 200 in 28ms
 GET / 200 in 26ms
 GET / 200 in 27ms
 GET / 200 in 24ms
 GET / 200 in 24ms
 GET / 200 in 32ms
 GET / 200 in 25ms
 GET / 200 in 25ms
 GET / 200 in 26ms
 GET / 200 in 27ms
 GET / 200 in 28ms
 GET / 200 in 26ms
 GET / 200 in 23ms
 GET / 200 in 28ms
 GET / 200 in 26ms
 GET / 200 in 25ms
 GET /api/auth/session 200 in 35ms
 ✓ Compiled /api/drills in 332ms (894 modules)
 GET /api/drills 200 in 401ms
 GET /api/drills 200 in 21ms
 ✓ Compiled /api/schedule in 174ms (896 modules)
 POST /api/schedule 201 in 248ms
 POST /api/schedule 201 in 24ms
 GET / 200 in 64ms
 POST /api/schedule 201 in 23ms
 GET / 200 in 24ms
 GET / 200 in 28ms
 GET / 200 in 28ms
[?25h
