  ▲ Next.js 14.2.28
  - Local:        http://localhost:3000
  - Environments: .env
  - Experiments (use with caution):
    · outputFileTracingRoot

 ✓ Starting...
 ✓ Ready in 1678ms
 ○ Compiling / ...
 ✓ Compiled / in 3.5s (1490 modules)
 GET / 200 in 4049ms
 ✓ Compiled in 623ms (635 modules)
 GET / 200 in 54ms
 ✓ Compiled /api/auth/[...nextauth] in 326ms (868 modules)
 GET /api/auth/session 200 in 806ms
 GET /api/auth/session 200 in 29ms
 GET / 200 in 66ms
 GET / 200 in 28ms
 GET /api/auth/session 200 in 25ms
 GET /api/auth/session 200 in 25ms
 ○ Compiling /auth/signin ...
 ✓ Compiled /auth/signin in 969ms (1526 modules)
 GET / 200 in 77ms
 GET /api/auth/providers 200 in 40ms
 GET /api/auth/csrf 200 in 27ms
 POST /api/auth/callback/credentials 200 in 217ms
 GET /api/auth/session 200 in 29ms
 ○ Compiling /dashboard ...
 ✓ Compiled /dashboard in 829ms (1784 modules)
 GET /dashboard?_rsc=3y0gy 200 in 31ms
 ✓ Compiled /api/parent/dashboard in 320ms (1050 modules)
 GET /api/parent/dashboard 401 in 421ms
 GET /api/parent/dashboard 401 in 17ms
 GET / 200 in 70ms
 GET / 200 in 29ms
 GET /api/auth/csrf 200 in 30ms
 POST /api/auth/signout 200 in 31ms
 GET /dashboard 200 in 44ms
 GET /api/auth/session 200 in 31ms
 GET /api/auth/session 200 in 21ms
 GET / 200 in 28ms
 ○ Compiling /auth/signup ...
 ✓ Compiled /auth/signup in 679ms (1795 modules)
 GET / 200 in 77ms
 GET / 200 in 34ms
 ✓ Compiled /api/auth/signup in 271ms (970 modules)
 POST /api/auth/signup 201 in 478ms
 ✓ Compiled /auth/signin in 200ms (977 modules)
 GET / 200 in 73ms
 ✓ Compiled /api/auth/[...nextauth] in 173ms (919 modules)
 GET /api/auth/providers 200 in 243ms
 GET /api/auth/csrf 200 in 17ms
 POST /api/auth/callback/credentials 200 in 123ms
 GET /api/auth/session 200 in 21ms
 ✓ Compiled /dashboard in 286ms (1050 modules)
 GET /dashboard?_rsc=1gtj6 200 in 356ms
 ✓ Compiled /api/dashboard/stats in 438ms (1052 modules)
 ✓ Compiled (1054 modules)
 GET /api/ai/motivational-quote 401 in 743ms
 GET /api/dashboard/stats 200 in 755ms
 GET /api/ai/motivational-quote 401 in 23ms
 GET /api/dashboard/stats 200 in 24ms
 ✓ Compiled /api/drills in 212ms (1056 modules)
 GET /api/drills 200 in 262ms
 GET /api/drills 200 in 18ms
 GET / 200 in 49ms
 GET /api/drills 200 in 21ms
 GET /api/drills 200 in 22ms
 GET /api/drills 200 in 22ms
 ✓ Compiled /api/schedule in 284ms (1034 modules)
 GET /api/drills 200 in 424ms
 GET /api/schedule?start=2025-07-01T04:00:00.000Z&end=2025-07-31T04:00:00.000Z 200 in 603ms
 GET /api/schedule?start=2025-07-01T04:00:00.000Z&end=2025-07-31T04:00:00.000Z 200 in 19ms
 GET / 200 in 67ms
 POST /api/schedule 201 in 29ms
 GET /api/schedule?start=2025-07-01T04:00:00.000Z&end=2025-07-31T04:00:00.000Z 200 in 19ms
 GET / 200 in 25ms
 GET /api/drills 200 in 19ms
 GET /api/drills 200 in 19ms
 ✓ Compiled /api/workouts in 169ms (894 modules)
 GET /api/drills 200 in 384ms
 GET /api/workouts 401 in 417ms
 GET /api/drills 200 in 21ms
 GET /api/workouts 401 in 18ms
 ✓ Compiled /api/achievements in 154ms (896 modules)
 ✓ Compiled (898 modules)
 GET /api/challenges 401 in 363ms
 GET /api/achievements 401 in 368ms
 GET /api/challenges 401 in 21ms
 GET /api/achievements 401 in 20ms
 GET / 200 in 58ms
 GET /api/workouts 401 in 25ms
 GET /api/drills 200 in 29ms
 GET /api/workouts 401 in 20ms
 GET /api/drills 200 in 19ms
 GET /api/drills 200 in 21ms
 GET /api/drills 200 in 20ms
 GET /api/schedule?start=2025-07-01T04:00:00.000Z&end=2025-07-31T04:00:00.000Z 200 in 26ms
 GET /api/drills 200 in 31ms
 GET /api/schedule?start=2025-07-01T04:00:00.000Z&end=2025-07-31T04:00:00.000Z 200 in 23ms
 GET /api/drills 200 in 24ms
 GET /api/drills 200 in 18ms
 GET /api/drills 200 in 18ms
 GET / 200 in 27ms
 ✓ Compiled /api/auth/[...nextauth] in 383ms (902 modules)
 GET /api/auth/session 200 in 470ms
 GET / 200 in 72ms
 GET /api/auth/session 200 in 28ms
 GET /api/drills 200 in 43ms
 GET /api/schedule?start=2025-07-01T04:00:00.000Z&end=2025-07-31T04:00:00.000Z 200 in 44ms
 GET /api/schedule?start=2025-07-01T04:00:00.000Z&end=2025-07-31T04:00:00.000Z 200 in 27ms
 GET /api/drills 200 in 27ms
 GET / 200 in 27ms
 ✓ Compiled /api/schedule/[id] in 290ms (898 modules)
 PATCH /api/schedule/cmd3ay1da0004v6lprj7lux0l 401 in 671ms
 PATCH /api/schedule/cmd3ay1da0004v6lprj7lux0l 401 in 36ms
 PATCH /api/schedule/cmd3ay1da0004v6lprj7lux0l 401 in 32ms
 PATCH /api/schedule/cmd3ay1da0004v6lprj7lux0l 401 in 17ms
 PATCH /api/schedule/cmd3ay1da0004v6lprj7lux0l 401 in 29ms
 GET /api/drills 200 in 28ms
 GET /api/schedule?start=2025-07-01T04:00:00.000Z&end=2025-07-31T04:00:00.000Z 200 in 32ms
 GET /api/drills 200 in 23ms
 GET /api/schedule?start=2025-07-01T04:00:00.000Z&end=2025-07-31T04:00:00.000Z 200 in 23ms
 GET / 200 in 39ms
 PATCH /api/schedule/cmd3ay1da0004v6lprj7lux0l 401 in 28ms
 GET /api/drills 200 in 22ms
 GET /api/drills 200 in 20ms
 GET / 200 in 26ms
 GET / 200 in 34ms
 GET / 200 in 28ms
 GET /api/drills 200 in 39ms
 GET /api/drills 200 in 21ms
 GET /api/schedule?start=2025-07-01T04:00:00.000Z&end=2025-07-31T04:00:00.000Z 200 in 26ms
 GET /api/drills 200 in 21ms
 GET /api/schedule?start=2025-07-01T04:00:00.000Z&end=2025-07-31T04:00:00.000Z 200 in 22ms
 GET /api/drills 200 in 26ms
 GET / 200 in 33ms
 POST /api/schedule 201 in 26ms
 GET /api/schedule?start=2025-07-01T04:00:00.000Z&end=2025-07-31T04:00:00.000Z 200 in 20ms
 GET / 200 in 26ms
 GET /api/drills 200 in 19ms
 GET /api/drills 200 in 18ms
 GET /api/drills 200 in 20ms
 GET /api/drills 200 in 19ms
 GET /api/schedule?start=2025-07-01T04:00:00.000Z&end=2025-07-31T04:00:00.000Z 200 in 18ms
 GET /api/schedule?start=2025-07-01T04:00:00.000Z&end=2025-07-31T04:00:00.000Z 200 in 18ms
 GET /api/drills 200 in 19ms
 GET /api/drills 200 in 21ms
 ✓ Compiled /api/workouts in 312ms (894 modules)
 GET /api/drills 200 in 224ms
 GET /api/workouts 401 in 511ms
 GET /api/workouts 401 in 18ms
 GET /api/drills 200 in 18ms
 GET / 200 in 40ms
 GET / 200 in 27ms
 GET / 200 in 32ms
 ✓ Compiled in 507ms (776 modules)
 ✓ Compiled in 863ms (776 modules)
 ✓ Compiled in 502ms (776 modules)
 ✓ Compiled in 433ms (776 modules)
 ✓ Compiled in 399ms (776 modules)
 ✓ Compiled in 634ms (784 modules)
 ✓ Compiled in 317ms (784 modules)
 ✓ Compiled in 310ms (784 modules)
 ✓ Compiled in 519ms (784 modules)
 ✓ Compiled in 579ms (784 modules)
 ✓ Compiled in 457ms (784 modules)
 ✓ Compiled in 656ms (824 modules)
 ✓ Compiled in 475ms (824 modules)
 ✓ Compiled in 405ms (824 modules)
 ✓ Compiled in 337ms (824 modules)
[?25h
