  ▲ Next.js 14.2.28
  - Local:        http://localhost:3000
  - Environments: .env
  - Experiments (use with caution):
    · outputFileTracingRoot

 ✓ Starting...
 ✓ Ready in 1557ms
 ○ Compiling /api/auth/[...nextauth] ...
 ✓ Compiled /api/auth/[...nextauth] in 543ms (272 modules)
 GET /api/auth/csrf 200 in 1048ms
 POST /api/auth/callback/credentials 302 in 221ms
 ○ Compiling / ...
 ✓ Compiled / in 2.2s (1503 modules)
 GET / 200 in 2686ms
 ✓ Compiled in 477ms (635 modules)
 GET /api/auth/session 200 in 47ms
 ○ Compiling /dashboard ...
 ✓ Compiled /dashboard in 1457ms (1851 modules)
 GET /api/auth/session 200 in 1513ms
 GET /dashboard?_rsc=3y0gy 200 in 34ms
 ✓ Compiled /api/parent/dashboard in 221ms (1076 modules)
 GET /api/parent/dashboard 200 in 371ms
 GET /api/parent/dashboard 200 in 33ms
 GET / 200 in 97ms
 GET /api/auth/session 200 in 50ms
 GET /api/auth/session 200 in 25ms
 ○ Compiling /auth/signin ...
 ✓ Compiled /auth/signin in 915ms (1906 modules)
 GET /auth/signin 200 in 1059ms
[?25h
