  ▲ Next.js 14.2.28
  - Local:        http://localhost:3000
  - Environments: .env
  - Experiments (use with caution):
    · outputFileTracingRoot

 ✓ Starting...
 ✓ Ready in 1819ms
 ○ Compiling /api/auth/[...nextauth] ...
 ✓ Compiled /api/auth/[...nextauth] in 969ms (271 modules)
 GET /api/auth/csrf 200 in 1456ms
 POST /api/auth/callback/credentials 302 in 217ms
 ○ Compiling / ...
 ✓ Compiled / in 4.7s (1509 modules)
 GET / 200 in 5187ms
 ✓ Compiled in 462ms (635 modules)
 ○ Compiling /dashboard ...
 ✓ Compiled /dashboard in 4.3s (1754 modules)
 GET /api/auth/session 200 in 4443ms
 GET /api/auth/session 200 in 20ms
 GET /dashboard?_rsc=3y0gy 200 in 43ms
 ✓ Compiled in 669ms (1766 modules)
[?25h
